\BOOKMARK [1][-]{section.1}{Introduction}{}% 1
\BOOKMARK [1][-]{section.2}{Objectifs}{}% 2
\BOOKMARK [1][-]{section.3}{Analyse du signal Wifi}{}% 3
\BOOKMARK [1][-]{section.4}{Transmetteur Wifi}{}% 4
\BOOKMARK [2][-]{subsection.4.1}{M\351langeur RF}{section.4}% 5
\BOOKMARK [2][-]{subsection.4.2}{Filtre RF}{section.4}% 6
\BOOKMARK [2][-]{subsection.4.3}{\311tude de la non-lin\351arit\351}{section.4}% 7
\BOOKMARK [1][-]{section.5}{R\351cepteur Wifi}{}% 8
\BOOKMARK [2][-]{subsection.5.1}{Blocs de base}{section.5}% 9
\BOOKMARK [2][-]{subsection.5.2}{Sensibilit\351 du r\351cepteur}{section.5}% 10
\BOOKMARK [2][-]{subsection.5.3}{Point d'intermodulation d'ordre 3 du r\351cepteur IIP3}{section.5}% 11
\BOOKMARK [2][-]{subsection.5.4}{SFDR}{section.5}% 12
\BOOKMARK [2][-]{subsection.5.5}{Dynamique du r\351cepteur sans bloqueur}{section.5}% 13
\BOOKMARK [2][-]{subsection.5.6}{Dynamique avec un bloqueur}{section.5}% 14
\BOOKMARK [1][-]{section.6}{Cannal de propagation Radio}{}% 15
\BOOKMARK [2][-]{subsection.6.1}{Consid\351ration de la propagation en espace libre}{section.6}% 16
\BOOKMARK [2][-]{subsection.6.2}{\311tude de la propagation pour un cannal Wifi}{section.6}% 17
\BOOKMARK [1][-]{section.7}{Conclusion}{}% 18
\BOOKMARK [1][-]{section.8}{Annexes}{}% 19
\BOOKMARK [1][-]{section.8}{R\351f\351rences}{}% 20
